# JRE version: Java(TM) SE Runtime Environment (8.0_451) (build 1.8.0_451-b10)
# Java VM: Java HotSpot(TM) 64-Bit Server VM (25.451-b10 mixed mode windows-amd64 compressed oops)
Heap:
 PSYoungGen      total 159744K, used 129220K [0x000000076b900000, 0x0000000778700000, 0x00000007c0000000)
  eden space 150016K, 79% used [0x000000076b900000,0x0000000772db89b0,0x0000000774b80000)
  from space 9728K, 99% used [0x0000000775780000,0x00000007760f86b0,0x0000000776100000)
  to   space 12288K, 0% used [0x0000000774b80000,0x0000000774b80000,0x0000000775780000)
 ParOldGen       total 102400K, used 10153K [0x00000006c2a00000, 0x00000006c8e00000, 0x000000076b900000)
  object space 102400K, 9% used [0x00000006c2a00000,0x00000006c33ea740,0x00000006c8e00000)
 Metaspace       used 33500K, capacity 35030K, committed 35072K, reserved 1079296K
  class space    used 4290K, capacity 4595K, committed 4608K, reserved 1048576K
GC Heap History (10 events):
Event: 1.833 GC heap before
{Heap before GC invocations=3 (full 0):
 PSYoungGen      total 75776K, used 41457K [0x000000076b900000, 0x0000000770d80000, 0x00000007c0000000)
  eden space 65024K, 50% used [0x000000076b900000,0x000000076d905c70,0x000000076f880000)
  from space 10752K, 80% used [0x0000000770300000,0x0000000770b767a8,0x0000000770d80000)
  to   space 10752K, 0% used [0x000000076f880000,0x000000076f880000,0x0000000770300000)
 ParOldGen       total 173568K, used 88K [0x00000006c2a00000, 0x00000006cd380000, 0x000000076b900000)
  object space 173568K, 0% used [0x00000006c2a00000,0x00000006c2a16010,0x00000006cd380000)
 Metaspace       used 20244K, capacity 20998K, committed 21248K, reserved 1067008K
  class space    used 2525K, capacity 2713K, committed 2816K, reserved 1048576K
Event: 1.839 GC heap after
Heap after GC invocations=3 (full 0):
 PSYoungGen      total 75776K, used 8294K [0x000000076b900000, 0x0000000774d00000, 0x00000007c0000000)
  eden space 65024K, 0% used [0x000000076b900000,0x000000076b900000,0x000000076f880000)
  from space 10752K, 77% used [0x000000076f880000,0x0000000770099830,0x0000000770300000)
  to   space 10752K, 0% used [0x0000000774280000,0x0000000774280000,0x0000000774d00000)
 ParOldGen       total 173568K, used 96K [0x00000006c2a00000, 0x00000006cd380000, 0x000000076b900000)
  object space 173568K, 0% used [0x00000006c2a00000,0x00000006c2a18010,0x00000006cd380000)
 Metaspace       used 20244K, capacity 20998K, committed 21248K, reserved 1067008K
  class space    used 2525K, capacity 2713K, committed 2816K, reserved 1048576K
}
Event: 1.839 GC heap before
{Heap before GC invocations=4 (full 1):
 PSYoungGen      total 75776K, used 8294K [0x000000076b900000, 0x0000000774d00000, 0x00000007c0000000)
  eden space 65024K, 0% used [0x000000076b900000,0x000000076b900000,0x000000076f880000)
  from space 10752K, 77% used [0x000000076f880000,0x0000000770099830,0x0000000770300000)
  to   space 10752K, 0% used [0x0000000774280000,0x0000000774280000,0x0000000774d00000)
 ParOldGen       total 173568K, used 96K [0x00000006c2a00000, 0x00000006cd380000, 0x000000076b900000)
  object space 173568K, 0% used [0x00000006c2a00000,0x00000006c2a18010,0x00000006cd380000)
 Metaspace       used 20244K, capacity 20998K, committed 21248K, reserved 1067008K
  class space    used 2525K, capacity 2713K, committed 2816K, reserved 1048576K
Event: 1.860 GC heap after
Heap after GC invocations=4 (full 1):
 PSYoungGen      total 75776K, used 0K [0x000000076b900000, 0x0000000774d00000, 0x00000007c0000000)
  eden space 65024K, 0% used [0x000000076b900000,0x000000076b900000,0x000000076f880000)
  from space 10752K, 0% used [0x000000076f880000,0x000000076f880000,0x0000000770300000)
  to   space 10752K, 0% used [0x0000000774280000,0x0000000774280000,0x0000000774d00000)
 ParOldGen       total 102400K, used 8102K [0x00000006c2a00000, 0x00000006c8e00000, 0x000000076b900000)
  object space 102400K, 7% used [0x00000006c2a00000,0x00000006c31e9b78,0x00000006c8e00000)
 Metaspace       used 20244K, capacity 20998K, committed 21248K, reserved 1067008K
  class space    used 2525K, capacity 2713K, committed 2816K, reserved 1048576K
}
Event: 2.104 GC heap before
{Heap before GC invocations=5 (full 1):
 PSYoungGen      total 75776K, used 65024K [0x000000076b900000, 0x0000000774d00000, 0x00000007c0000000)
  eden space 65024K, 100% used [0x000000076b900000,0x000000076f880000,0x000000076f880000)
  from space 10752K, 0% used [0x000000076f880000,0x000000076f880000,0x0000000770300000)
  to   space 10752K, 0% used [0x0000000774280000,0x0000000774280000,0x0000000774d00000)
 ParOldGen       total 102400K, used 8102K [0x00000006c2a00000, 0x00000006c8e00000, 0x000000076b900000)
  object space 102400K, 7% used [0x00000006c2a00000,0x00000006c31e9b78,0x00000006c8e00000)
 Metaspace       used 24197K, capacity 25168K, committed 25472K, reserved 1071104K
  class space    used 3114K, capacity 3330K, committed 3456K, reserved 1048576K
Event: 2.107 GC heap after
Heap after GC invocations=5 (full 1):
 PSYoungGen      total 105984K, used 4924K [0x000000076b900000, 0x0000000774780000, 0x00000007c0000000)
  eden space 100864K, 0% used [0x000000076b900000,0x000000076b900000,0x0000000771b80000)
  from space 5120K, 96% used [0x0000000774280000,0x000000077474f260,0x0000000774780000)
  to   space 10752K, 0% used [0x0000000773280000,0x0000000773280000,0x0000000773d00000)
 ParOldGen       total 102400K, used 8110K [0x00000006c2a00000, 0x00000006c8e00000, 0x000000076b900000)
  object space 102400K, 7% used [0x00000006c2a00000,0x00000006c31ebb78,0x00000006c8e00000)
 Metaspace       used 24197K, capacity 25168K, committed 25472K, reserved 1071104K
  class space    used 3114K, capacity 3330K, committed 3456K, reserved 1048576K
}
Event: 2.720 GC heap before
{Heap before GC invocations=6 (full 1):
 PSYoungGen      total 105984K, used 105788K [0x000000076b900000, 0x0000000774780000, 0x00000007c0000000)
  eden space 100864K, 100% used [0x000000076b900000,0x0000000771b80000,0x0000000771b80000)
  from space 5120K, 96% used [0x0000000774280000,0x000000077474f260,0x0000000774780000)
  to   space 10752K, 0% used [0x0000000773280000,0x0000000773280000,0x0000000773d00000)
 ParOldGen       total 102400K, used 8110K [0x00000006c2a00000, 0x00000006c8e00000, 0x000000076b900000)
  object space 102400K, 7% used [0x00000006c2a00000,0x00000006c31ebb78,0x00000006c8e00000)
 Metaspace       used 26559K, capacity 27642K, committed 27776K, reserved 1073152K
  class space    used 3362K, capacity 3595K, committed 3712K, reserved 1048576K
Event: 2.723 GC heap after
Heap after GC invocations=6 (full 1):
 PSYoungGen      total 135168K, used 6617K [0x000000076b900000, 0x0000000776100000, 0x00000007c0000000)
  eden space 124416K, 0% used [0x000000076b900000,0x000000076b900000,0x0000000773280000)
  from space 10752K, 61% used [0x0000000773280000,0x00000007738f6650,0x0000000773d00000)
  to   space 9728K, 0% used [0x0000000775780000,0x0000000775780000,0x0000000776100000)
 ParOldGen       total 102400K, used 8118K [0x00000006c2a00000, 0x00000006c8e00000, 0x000000076b900000)
  object space 102400K, 7% used [0x00000006c2a00000,0x00000006c31edb78,0x00000006c8e00000)
 Metaspace       used 26559K, capacity 27642K, committed 27776K, reserved 1073152K
  class space    used 3362K, capacity 3595K, committed 3712K, reserved 1048576K
}
Event: 3.436 GC heap before
{Heap before GC invocations=7 (full 1):
 PSYoungGen      total 135168K, used 131033K [0x000000076b900000, 0x0000000776100000, 0x00000007c0000000)
  eden space 124416K, 100% used [0x000000076b900000,0x0000000773280000,0x0000000773280000)
  from space 10752K, 61% used [0x0000000773280000,0x00000007738f6650,0x0000000773d00000)
  to   space 9728K, 0% used [0x0000000775780000,0x0000000775780000,0x0000000776100000)
 ParOldGen       total 102400K, used 8118K [0x00000006c2a00000, 0x00000006c8e00000, 0x000000076b900000)
  object space 102400K, 7% used [0x00000006c2a00000,0x00000006c31edb78,0x00000006c8e00000)
 Metaspace       used 30676K, capacity 31966K, committed 32128K, reserved 1077248K
  class space    used 3896K, capacity 4151K, committed 4224K, reserved 1048576K
Event: 3.443 GC heap after
Heap after GC invocations=7 (full 1):
 PSYoungGen      total 159744K, used 9697K [0x000000076b900000, 0x0000000778700000, 0x00000007c0000000)
  eden space 150016K, 0% used [0x000000076b900000,0x000000076b900000,0x0000000774b80000)
  from space 9728K, 99% used [0x0000000775780000,0x00000007760f86b0,0x0000000776100000)
  to   space 12288K, 0% used [0x0000000774b80000,0x0000000774b80000,0x0000000775780000)
 ParOldGen       total 102400K, used 10153K [0x00000006c2a00000, 0x00000006c8e00000, 0x000000076b900000)
  object space 102400K, 9% used [0x00000006c2a00000,0x00000006c33ea740,0x00000006c8e00000)
 Metaspace       used 30676K, capacity 31966K, committed 32128K, reserved 1077248K
  class space    used 3896K, capacity 4151K, committed 4224K, reserved 1048576K
}

