# JRE version: Java(TM) SE Runtime Environment (8.0_451) (build 1.8.0_451-b10)
# Java VM: Java HotSpot(TM) 64-Bit Server VM (25.451-b10 mixed mode windows-amd64 compressed oops)
Heap:
 PSYoungGen      total 280576K, used 109712K [0x000000076b900000, 0x000000077dc00000, 0x00000007c0000000)
  eden space 265216K, 35% used [0x000000076b900000,0x000000077152c330,0x000000077bc00000)
  from space 15360K, 99% used [0x000000077be00000,0x000000077ccf8050,0x000000077cd00000)
  to   space 13312K, 0% used [0x000000077cf00000,0x000000077cf00000,0x000000077dc00000)
 ParOldGen       total 181248K, used 29604K [0x00000006c2a00000, 0x00000006cdb00000, 0x000000076b900000)
  object space 181248K, 16% used [0x00000006c2a00000,0x00000006c46e9270,0x00000006cdb00000)
 Metaspace       used 68399K, capacity 72254K, committed 72408K, reserved 1112064K
  class space    used 8904K, capacity 9575K, committed 9688K, reserved 1048576K
GC Heap History (10 events):
Event: 6.571 GC heap before
{Heap before GC invocations=12 (full 2):
 PSYoungGen      total 199168K, used 198717K [0x000000076b900000, 0x000000077dd00000, 0x00000007c0000000)
  eden space 186368K, 100% used [0x000000076b900000,0x0000000776f00000,0x0000000776f00000)
  from space 12800K, 96% used [0x0000000776f00000,0x0000000777b0f618,0x0000000777b80000)
  to   space 14336K, 0% used [0x000000077cf00000,0x000000077cf00000,0x000000077dd00000)
 ParOldGen       total 136192K, used 14055K [0x00000006c2a00000, 0x00000006caf00000, 0x000000076b900000)
  object space 136192K, 10% used [0x00000006c2a00000,0x00000006c37b9e68,0x00000006caf00000)
 Metaspace       used 53000K, capacity 55120K, committed 55256K, reserved 1097728K
  class space    used 6920K, capacity 7326K, committed 7384K, reserved 1048576K
Event: 6.578 GC heap after
Heap after GC invocations=12 (full 2):
 PSYoungGen      total 278528K, used 13169K [0x000000076b900000, 0x000000077dc00000, 0x00000007c0000000)
  eden space 265216K, 0% used [0x000000076b900000,0x000000076b900000,0x000000077bc00000)
  from space 13312K, 98% used [0x000000077cf00000,0x000000077dbdc698,0x000000077dc00000)
  to   space 15360K, 0% used [0x000000077be00000,0x000000077be00000,0x000000077cd00000)
 ParOldGen       total 136192K, used 14063K [0x00000006c2a00000, 0x00000006caf00000, 0x000000076b900000)
  object space 136192K, 10% used [0x00000006c2a00000,0x00000006c37bbe68,0x00000006caf00000)
 Metaspace       used 53000K, capacity 55120K, committed 55256K, reserved 1097728K
  class space    used 6920K, capacity 7326K, committed 7384K, reserved 1048576K
}
Event: 7.045 GC heap before
{Heap before GC invocations=13 (full 2):
 PSYoungGen      total 278528K, used 104847K [0x000000076b900000, 0x000000077dc00000, 0x00000007c0000000)
  eden space 265216K, 34% used [0x000000076b900000,0x00000007712875e0,0x000000077bc00000)
  from space 13312K, 98% used [0x000000077cf00000,0x000000077dbdc698,0x000000077dc00000)
  to   space 15360K, 0% used [0x000000077be00000,0x000000077be00000,0x000000077cd00000)
 ParOldGen       total 136192K, used 14063K [0x00000006c2a00000, 0x00000006caf00000, 0x000000076b900000)
  object space 136192K, 10% used [0x00000006c2a00000,0x00000006c37bbe68,0x00000006caf00000)
 Metaspace       used 56620K, capacity 58790K, committed 59028K, reserved 1101824K
  class space    used 7213K, capacity 7633K, committed 7640K, reserved 1048576K
Event: 7.053 GC heap after
Heap after GC invocations=13 (full 2):
 PSYoungGen      total 280576K, used 13636K [0x000000076b900000, 0x000000077dc00000, 0x00000007c0000000)
  eden space 265216K, 0% used [0x000000076b900000,0x000000076b900000,0x000000077bc00000)
  from space 15360K, 88% used [0x000000077be00000,0x000000077cb51260,0x000000077cd00000)
  to   space 13312K, 0% used [0x000000077cf00000,0x000000077cf00000,0x000000077dc00000)
 ParOldGen       total 136192K, used 14071K [0x00000006c2a00000, 0x00000006caf00000, 0x000000076b900000)
  object space 136192K, 10% used [0x00000006c2a00000,0x00000006c37bde68,0x00000006caf00000)
 Metaspace       used 56620K, capacity 58790K, committed 59028K, reserved 1101824K
  class space    used 7213K, capacity 7633K, committed 7640K, reserved 1048576K
}
Event: 7.053 GC heap before
{Heap before GC invocations=14 (full 3):
 PSYoungGen      total 280576K, used 13636K [0x000000076b900000, 0x000000077dc00000, 0x00000007c0000000)
  eden space 265216K, 0% used [0x000000076b900000,0x000000076b900000,0x000000077bc00000)
  from space 15360K, 88% used [0x000000077be00000,0x000000077cb51260,0x000000077cd00000)
  to   space 13312K, 0% used [0x000000077cf00000,0x000000077cf00000,0x000000077dc00000)
 ParOldGen       total 136192K, used 14071K [0x00000006c2a00000, 0x00000006caf00000, 0x000000076b900000)
  object space 136192K, 10% used [0x00000006c2a00000,0x00000006c37bde68,0x00000006caf00000)
 Metaspace       used 56620K, capacity 58790K, committed 59028K, reserved 1101824K
  class space    used 7213K, capacity 7633K, committed 7640K, reserved 1048576K
Event: 7.201 GC heap after
Heap after GC invocations=14 (full 3):
 PSYoungGen      total 280576K, used 0K [0x000000076b900000, 0x000000077dc00000, 0x00000007c0000000)
  eden space 265216K, 0% used [0x000000076b900000,0x000000076b900000,0x000000077bc00000)
  from space 15360K, 0% used [0x000000077be00000,0x000000077be00000,0x000000077cd00000)
  to   space 13312K, 0% used [0x000000077cf00000,0x000000077cf00000,0x000000077dc00000)
 ParOldGen       total 181248K, used 26523K [0x00000006c2a00000, 0x00000006cdb00000, 0x000000076b900000)
  object space 181248K, 14% used [0x00000006c2a00000,0x00000006c43e6cd8,0x00000006cdb00000)
 Metaspace       used 56613K, capacity 58766K, committed 59028K, reserved 1101824K
  class space    used 7211K, capacity 7629K, committed 7640K, reserved 1048576K
}
Event: 8.835 GC heap before
{Heap before GC invocations=15 (full 3):
 PSYoungGen      total 280576K, used 265216K [0x000000076b900000, 0x000000077dc00000, 0x00000007c0000000)
  eden space 265216K, 100% used [0x000000076b900000,0x000000077bc00000,0x000000077bc00000)
  from space 15360K, 0% used [0x000000077be00000,0x000000077be00000,0x000000077cd00000)
  to   space 13312K, 0% used [0x000000077cf00000,0x000000077cf00000,0x000000077dc00000)
 ParOldGen       total 181248K, used 26523K [0x00000006c2a00000, 0x00000006cdb00000, 0x000000076b900000)
  object space 181248K, 14% used [0x00000006c2a00000,0x00000006c43e6cd8,0x00000006cdb00000)
 Metaspace       used 63404K, capacity 66470K, committed 66648K, reserved 1107968K
  class space    used 8180K, capacity 8739K, committed 8792K, reserved 1048576K
Event: 8.841 GC heap after
Heap after GC invocations=15 (full 3):
 PSYoungGen      total 278528K, used 13310K [0x000000076b900000, 0x000000077dc00000, 0x00000007c0000000)
  eden space 265216K, 0% used [0x000000076b900000,0x000000076b900000,0x000000077bc00000)
  from space 13312K, 99% used [0x000000077cf00000,0x000000077dbffa78,0x000000077dc00000)
  to   space 15360K, 0% used [0x000000077be00000,0x000000077be00000,0x000000077cd00000)
 ParOldGen       total 181248K, used 26568K [0x00000006c2a00000, 0x00000006cdb00000, 0x000000076b900000)
  object space 181248K, 14% used [0x00000006c2a00000,0x00000006c43f23b0,0x00000006cdb00000)
 Metaspace       used 63404K, capacity 66470K, committed 66648K, reserved 1107968K
  class space    used 8180K, capacity 8739K, committed 8792K, reserved 1048576K
}
Event: 9.845 GC heap before
{Heap before GC invocations=16 (full 3):
 PSYoungGen      total 278528K, used 278526K [0x000000076b900000, 0x000000077dc00000, 0x00000007c0000000)
  eden space 265216K, 100% used [0x000000076b900000,0x000000077bc00000,0x000000077bc00000)
  from space 13312K, 99% used [0x000000077cf00000,0x000000077dbffa78,0x000000077dc00000)
  to   space 15360K, 0% used [0x000000077be00000,0x000000077be00000,0x000000077cd00000)
 ParOldGen       total 181248K, used 26568K [0x00000006c2a00000, 0x00000006cdb00000, 0x000000076b900000)
  object space 181248K, 14% used [0x00000006c2a00000,0x00000006c43f23b0,0x00000006cdb00000)
 Metaspace       used 66652K, capacity 70270K, committed 70488K, reserved 1110016K
  class space    used 8637K, capacity 9293K, committed 9304K, reserved 1048576K
Event: 9.857 GC heap after
Heap after GC invocations=16 (full 3):
 PSYoungGen      total 280576K, used 15328K [0x000000076b900000, 0x000000077dc00000, 0x00000007c0000000)
  eden space 265216K, 0% used [0x000000076b900000,0x000000076b900000,0x000000077bc00000)
  from space 15360K, 99% used [0x000000077be00000,0x000000077ccf8050,0x000000077cd00000)
  to   space 13312K, 0% used [0x000000077cf00000,0x000000077cf00000,0x000000077dc00000)
 ParOldGen       total 181248K, used 29604K [0x00000006c2a00000, 0x00000006cdb00000, 0x000000076b900000)
  object space 181248K, 16% used [0x00000006c2a00000,0x00000006c46e9270,0x00000006cdb00000)
 Metaspace       used 66652K, capacity 70270K, committed 70488K, reserved 1110016K
  class space    used 8637K, capacity 9293K, committed 9304K, reserved 1048576K
}

