# JRE version: Java(TM) SE Runtime Environment (8.0_451) (build 1.8.0_451-b10)
# Java VM: Java HotSpot(TM) 64-Bit Server VM (25.451-b10 mixed mode windows-amd64 compressed oops)
Heap:
 PSYoungGen      total 344064K, used 148019K [0x000000076b900000, 0x0000000784b80000, 0x00000007c0000000)
  eden space 327168K, 40% used [0x000000076b900000,0x000000077390ebb8,0x000000077f880000)
  from space 16896K, 99% used [0x000000077f880000,0x00000007808fe378,0x0000000780900000)
  to   space 19968K, 0% used [0x0000000783800000,0x0000000783800000,0x0000000784b80000)
 ParOldGen       total 206848K, used 29592K [0x00000006c2a00000, 0x00000006cf400000, 0x000000076b900000)
  object space 206848K, 14% used [0x00000006c2a00000,0x00000006c46e63a0,0x00000006cf400000)
 Metaspace       used 73545K, capacity 77568K, committed 77784K, reserved 1116160K
  class space    used 9613K, capacity 10327K, committed 10456K, reserved 1048576K
GC Heap History (10 events):
Event: 5.931 GC heap before
{Heap before GC invocations=12 (full 2):
 PSYoungGen      total 197120K, used 196597K [0x000000076b900000, 0x000000077cc00000, 0x00000007c0000000)
  eden space 184320K, 100% used [0x000000076b900000,0x0000000776d00000,0x0000000776d00000)
  from space 12800K, 95% used [0x0000000776d00000,0x00000007778fd460,0x0000000777980000)
  to   space 13824K, 0% used [0x000000077be80000,0x000000077be80000,0x000000077cc00000)
 ParOldGen       total 147968K, used 14101K [0x00000006c2a00000, 0x00000006cba80000, 0x000000076b900000)
  object space 147968K, 9% used [0x00000006c2a00000,0x00000006c37c5540,0x00000006cba80000)
 Metaspace       used 52965K, capacity 55046K, committed 55256K, reserved 1097728K
  class space    used 6916K, capacity 7325K, committed 7384K, reserved 1048576K
Event: 5.937 GC heap after
Heap after GC invocations=12 (full 2):
 PSYoungGen      total 261632K, used 13233K [0x000000076b900000, 0x000000077cb80000, 0x00000007c0000000)
  eden space 248320K, 0% used [0x000000076b900000,0x000000076b900000,0x000000077ab80000)
  from space 13312K, 99% used [0x000000077be80000,0x000000077cb6c5d0,0x000000077cb80000)
  to   space 15360K, 0% used [0x000000077ad80000,0x000000077ad80000,0x000000077bc80000)
 ParOldGen       total 147968K, used 14109K [0x00000006c2a00000, 0x00000006cba80000, 0x000000076b900000)
  object space 147968K, 9% used [0x00000006c2a00000,0x00000006c37c7540,0x00000006cba80000)
 Metaspace       used 52965K, capacity 55046K, committed 55256K, reserved 1097728K
  class space    used 6916K, capacity 7325K, committed 7384K, reserved 1048576K
}
Event: 6.456 GC heap before
{Heap before GC invocations=13 (full 2):
 PSYoungGen      total 261632K, used 108864K [0x000000076b900000, 0x000000077cb80000, 0x00000007c0000000)
  eden space 248320K, 38% used [0x000000076b900000,0x0000000771663dc8,0x000000077ab80000)
  from space 13312K, 99% used [0x000000077be80000,0x000000077cb6c5d0,0x000000077cb80000)
  to   space 15360K, 0% used [0x000000077ad80000,0x000000077ad80000,0x000000077bc80000)
 ParOldGen       total 147968K, used 14109K [0x00000006c2a00000, 0x00000006cba80000, 0x000000076b900000)
  object space 147968K, 9% used [0x00000006c2a00000,0x00000006c37c7540,0x00000006cba80000)
 Metaspace       used 56653K, capacity 58812K, committed 58968K, reserved 1099776K
  class space    used 7218K, capacity 7664K, committed 7768K, reserved 1048576K
Event: 6.464 GC heap after
Heap after GC invocations=13 (full 2):
 PSYoungGen      total 265728K, used 13677K [0x000000076b900000, 0x0000000781d80000, 0x00000007c0000000)
  eden space 250368K, 0% used [0x000000076b900000,0x000000076b900000,0x000000077ad80000)
  from space 15360K, 89% used [0x000000077ad80000,0x000000077badb428,0x000000077bc80000)
  to   space 16384K, 0% used [0x0000000780d80000,0x0000000780d80000,0x0000000781d80000)
 ParOldGen       total 147968K, used 14117K [0x00000006c2a00000, 0x00000006cba80000, 0x000000076b900000)
  object space 147968K, 9% used [0x00000006c2a00000,0x00000006c37c9540,0x00000006cba80000)
 Metaspace       used 56653K, capacity 58812K, committed 58968K, reserved 1099776K
  class space    used 7218K, capacity 7664K, committed 7768K, reserved 1048576K
}
Event: 6.464 GC heap before
{Heap before GC invocations=14 (full 3):
 PSYoungGen      total 265728K, used 13677K [0x000000076b900000, 0x0000000781d80000, 0x00000007c0000000)
  eden space 250368K, 0% used [0x000000076b900000,0x000000076b900000,0x000000077ad80000)
  from space 15360K, 89% used [0x000000077ad80000,0x000000077badb428,0x000000077bc80000)
  to   space 16384K, 0% used [0x0000000780d80000,0x0000000780d80000,0x0000000781d80000)
 ParOldGen       total 147968K, used 14117K [0x00000006c2a00000, 0x00000006cba80000, 0x000000076b900000)
  object space 147968K, 9% used [0x00000006c2a00000,0x00000006c37c9540,0x00000006cba80000)
 Metaspace       used 56653K, capacity 58812K, committed 58968K, reserved 1099776K
  class space    used 7218K, capacity 7664K, committed 7768K, reserved 1048576K
Event: 6.623 GC heap after
Heap after GC invocations=14 (full 3):
 PSYoungGen      total 265728K, used 0K [0x000000076b900000, 0x0000000781d80000, 0x00000007c0000000)
  eden space 250368K, 0% used [0x000000076b900000,0x000000076b900000,0x000000077ad80000)
  from space 15360K, 0% used [0x000000077ad80000,0x000000077ad80000,0x000000077bc80000)
  to   space 16384K, 0% used [0x0000000780d80000,0x0000000780d80000,0x0000000781d80000)
 ParOldGen       total 206848K, used 26587K [0x00000006c2a00000, 0x00000006cf400000, 0x000000076b900000)
  object space 206848K, 12% used [0x00000006c2a00000,0x00000006c43f6ca0,0x00000006cf400000)
 Metaspace       used 56648K, capacity 58794K, committed 58968K, reserved 1099776K
  class space    used 7217K, capacity 7661K, committed 7768K, reserved 1048576K
}
Event: 8.148 GC heap before
{Heap before GC invocations=15 (full 3):
 PSYoungGen      total 265728K, used 250368K [0x000000076b900000, 0x0000000781d80000, 0x00000007c0000000)
  eden space 250368K, 100% used [0x000000076b900000,0x000000077ad80000,0x000000077ad80000)
  from space 15360K, 0% used [0x000000077ad80000,0x000000077ad80000,0x000000077bc80000)
  to   space 16384K, 0% used [0x0000000780d80000,0x0000000780d80000,0x0000000781d80000)
 ParOldGen       total 206848K, used 26587K [0x00000006c2a00000, 0x00000006cf400000, 0x000000076b900000)
  object space 206848K, 12% used [0x00000006c2a00000,0x00000006c43f6ca0,0x00000006cf400000)
 Metaspace       used 62843K, capacity 65918K, committed 66136K, reserved 1105920K
  class space    used 8097K, capacity 8665K, committed 8792K, reserved 1048576K
Event: 8.159 GC heap after
Heap after GC invocations=15 (full 3):
 PSYoungGen      total 318976K, used 12254K [0x000000076b900000, 0x0000000781980000, 0x00000007c0000000)
  eden space 306688K, 0% used [0x000000076b900000,0x000000076b900000,0x000000077e480000)
  from space 12288K, 99% used [0x0000000780d80000,0x0000000781977ae0,0x0000000781980000)
  to   space 16896K, 0% used [0x000000077f880000,0x000000077f880000,0x0000000780900000)
 ParOldGen       total 206848K, used 26595K [0x00000006c2a00000, 0x00000006cf400000, 0x000000076b900000)
  object space 206848K, 12% used [0x00000006c2a00000,0x00000006c43f8ca0,0x00000006cf400000)
 Metaspace       used 62843K, capacity 65918K, committed 66136K, reserved 1105920K
  class space    used 8097K, capacity 8665K, committed 8792K, reserved 1048576K
}
Event: 9.290 GC heap before
{Heap before GC invocations=16 (full 3):
 PSYoungGen      total 318976K, used 318942K [0x000000076b900000, 0x0000000781980000, 0x00000007c0000000)
  eden space 306688K, 100% used [0x000000076b900000,0x000000077e480000,0x000000077e480000)
  from space 12288K, 99% used [0x0000000780d80000,0x0000000781977ae0,0x0000000781980000)
  to   space 16896K, 0% used [0x000000077f880000,0x000000077f880000,0x0000000780900000)
 ParOldGen       total 206848K, used 26595K [0x00000006c2a00000, 0x00000006cf400000, 0x000000076b900000)
  object space 206848K, 12% used [0x00000006c2a00000,0x00000006c43f8ca0,0x00000006cf400000)
 Metaspace       used 66827K, capacity 70412K, committed 70488K, reserved 1110016K
  class space    used 8658K, capacity 9296K, committed 9304K, reserved 1048576K
Event: 9.303 GC heap after
Heap after GC invocations=16 (full 3):
 PSYoungGen      total 344064K, used 16888K [0x000000076b900000, 0x0000000784b80000, 0x00000007c0000000)
  eden space 327168K, 0% used [0x000000076b900000,0x000000076b900000,0x000000077f880000)
  from space 16896K, 99% used [0x000000077f880000,0x00000007808fe378,0x0000000780900000)
  to   space 19968K, 0% used [0x0000000783800000,0x0000000783800000,0x0000000784b80000)
 ParOldGen       total 206848K, used 29592K [0x00000006c2a00000, 0x00000006cf400000, 0x000000076b900000)
  object space 206848K, 14% used [0x00000006c2a00000,0x00000006c46e63a0,0x00000006cf400000)
 Metaspace       used 66827K, capacity 70412K, committed 70488K, reserved 1110016K
  class space    used 8658K, capacity 9296K, committed 9304K, reserved 1048576K
}

